2023-12-02 22:12:54 [scrapy.utils.log] INFO: Scrapy 2.11.0 started (bot: ticketWatch)
2023-12-02 22:12:54 [scrapy.utils.log] INFO: Versions: lxml 4.9.3.0, libxml2 2.10.3, cssselect 1.2.0, parsel 1.8.1, w3lib 2.1.2, Twisted 22.10.0, Python 3.10.12 (main, Jun 11 2023, 05:26:28) [GCC 11.4.0], pyOpenSSL 23.3.0 (OpenSSL 3.1.4 24 Oct 2023), cryptography 41.0.7, Platform Linux-5.15.133.1-microsoft-standard-WSL2-x86_64-with-glibc2.35
2023-12-02 22:12:54 [scrapy.addons] INFO: Enabled addons:
[]
2023-12-02 22:12:54 [asyncio] DEBUG: Using selector: EpollSelector
2023-12-02 22:12:54 [scrapy.utils.log] DEBUG: Using reactor: twisted.internet.asyncioreactor.AsyncioSelectorReactor
2023-12-02 22:12:54 [scrapy.utils.log] DEBUG: Using asyncio event loop: asyncio.unix_events._UnixSelectorEventLoop
2023-12-02 22:12:54 [scrapy.extensions.telnet] INFO: Telnet Password: 7bd51e4790cce9d4
2023-12-02 22:12:54 [scrapy.middleware] INFO: Enabled extensions:
['scrapy.extensions.corestats.CoreStats',
 'scrapy.extensions.telnet.TelnetConsole',
 'scrapy.extensions.memusage.MemoryUsage',
 'scrapy.extensions.logstats.LogStats']
2023-12-02 22:12:54 [scrapy.crawler] INFO: Overridden settings:
{'BOT_NAME': 'ticketWatch',
 'DOWNLOAD_DELAY': 3,
 'FEED_EXPORT_ENCODING': 'utf-8',
 'HTTPCACHE_ENABLED': True,
 'NEWSPIDER_MODULE': 'ticketWatch.spiders',
 'REQUEST_FINGERPRINTER_IMPLEMENTATION': '2.7',
 'ROBOTSTXT_OBEY': True,
 'SPIDER_MODULES': ['ticketWatch.spiders'],
 'TWISTED_REACTOR': 'twisted.internet.asyncioreactor.AsyncioSelectorReactor'}
2023-12-02 22:12:54 [scrapy.middleware] INFO: Enabled downloader middlewares:
['scrapy.downloadermiddlewares.robotstxt.RobotsTxtMiddleware',
 'scrapy.downloadermiddlewares.httpauth.HttpAuthMiddleware',
 'scrapy.downloadermiddlewares.downloadtimeout.DownloadTimeoutMiddleware',
 'scrapy.downloadermiddlewares.defaultheaders.DefaultHeadersMiddleware',
 'scrapy.downloadermiddlewares.useragent.UserAgentMiddleware',
 'scrapy.downloadermiddlewares.retry.RetryMiddleware',
 'scrapy.downloadermiddlewares.redirect.MetaRefreshMiddleware',
 'scrapy.downloadermiddlewares.httpcompression.HttpCompressionMiddleware',
 'scrapy.downloadermiddlewares.redirect.RedirectMiddleware',
 'scrapy.downloadermiddlewares.cookies.CookiesMiddleware',
 'scrapy.downloadermiddlewares.httpproxy.HttpProxyMiddleware',
 'scrapy.downloadermiddlewares.stats.DownloaderStats',
 'scrapy.downloadermiddlewares.httpcache.HttpCacheMiddleware']
2023-12-02 22:12:54 [scrapy.middleware] INFO: Enabled spider middlewares:
['scrapy.spidermiddlewares.httperror.HttpErrorMiddleware',
 'scrapy.spidermiddlewares.offsite.OffsiteMiddleware',
 'scrapy.spidermiddlewares.referer.RefererMiddleware',
 'scrapy.spidermiddlewares.urllength.UrlLengthMiddleware',
 'scrapy.spidermiddlewares.depth.DepthMiddleware']
2023-12-02 22:12:54 [scrapy.middleware] INFO: Enabled item pipelines:
[]
2023-12-02 22:12:54 [scrapy.core.engine] INFO: Spider opened
2023-12-02 22:12:54 [scrapy.extensions.logstats] INFO: Crawled 0 pages (at 0 pages/min), scraped 0 items (at 0 items/min)
2023-12-02 22:12:54 [scrapy.extensions.httpcache] DEBUG: Using filesystem cache storage in /tmp/tmpyd8s0_96/ticketWatch/.scrapy/httpcache
2023-12-02 22:12:54 [scrapy.extensions.telnet] INFO: Telnet console listening on 127.0.0.1:6023
2023-12-02 22:12:55 [scrapy.core.engine] DEBUG: Crawled (200) <GET https://store.steampowered.com/robots.txt> (referer: None)
2023-12-02 22:12:55 [protego] DEBUG: Rule at line 1 without any user agent to enforce it on.
2023-12-02 22:12:59 [urllib3.connectionpool] DEBUG: Starting new HTTPS connection (1): publicsuffix.org:443
2023-12-02 22:12:59 [urllib3.connectionpool] DEBUG: https://publicsuffix.org:443 "GET /list/public_suffix_list.dat HTTP/1.1" 200 83887
2023-12-02 22:12:59 [scrapy.core.engine] DEBUG: Crawled (200) <GET https://store.steampowered.com/?l=japanese> (referer: None)
2023-12-02 22:12:59 [scrapy.core.scraper] DEBUG: Scraped from <200 https://store.steampowered.com/?l=japanese>
{'Title': 'Die in the Dungeon: Origins', 'URL': 'https://store.steampowered.com/app/2428770/Die_in_the_Dungeon_Origins/?snr=1_4_4__145'}
2023-12-02 22:12:59 [scrapy.core.scraper] DEBUG: Scraped from <200 https://store.steampowered.com/?l=japanese>
{'Title': 'Cats Hidden in Jingle Jam', 'URL': 'https://store.steampowered.com/app/2608050/Cats_Hidden_in_Jingle_Jam/?snr=1_4_4__145'}
2023-12-02 22:12:59 [scrapy.core.scraper] DEBUG: Scraped from <200 https://store.steampowered.com/?l=japanese>
{'Title': 'マーダーミステリーパラドクス このひと夏の十五年', 'URL': 'https://store.steampowered.com/app/2203040/_/?snr=1_4_4__145'}
2023-12-02 22:12:59 [scrapy.core.scraper] DEBUG: Scraped from <200 https://store.steampowered.com/?l=japanese>
{'Title': 'SteamWorld Build', 'URL': 'https://store.steampowered.com/app/2134770/SteamWorld_Build/?snr=1_4_4__145'}
2023-12-02 22:12:59 [scrapy.core.scraper] DEBUG: Scraped from <200 https://store.steampowered.com/?l=japanese>
{'Title': 'ホロパレード', 'URL': 'https://store.steampowered.com/app/2647230/_/?snr=1_4_4__145'}
2023-12-02 22:12:59 [scrapy.core.scraper] DEBUG: Scraped from <200 https://store.steampowered.com/?l=japanese>
{'Title': 'SOS OPS!', 'URL': 'https://store.steampowered.com/app/2475460/SOS_OPS/?snr=1_4_4__145'}
2023-12-02 22:12:59 [scrapy.core.scraper] DEBUG: Scraped from <200 https://store.steampowered.com/?l=japanese>
{'Title': 'Truck & Logistics Simulator', 'URL': 'https://store.steampowered.com/app/873840/Truck__Logistics_Simulator/?snr=1_4_4__145'}
2023-12-02 22:12:59 [scrapy.core.scraper] DEBUG: Scraped from <200 https://store.steampowered.com/?l=japanese>
{'Title': 'Rock Simulator 2', 'URL': 'https://store.steampowered.com/app/1949770/Rock_Simulator_2/?snr=1_4_4__145'}
2023-12-02 22:12:59 [scrapy.core.scraper] DEBUG: Scraped from <200 https://store.steampowered.com/?l=japanese>
{'Title': 'Time Walker: Dark World', 'URL': 'https://store.steampowered.com/app/2093910/Time_Walker_Dark_World/?snr=1_4_4__145'}
2023-12-02 22:12:59 [scrapy.core.scraper] DEBUG: Scraped from <200 https://store.steampowered.com/?l=japanese>
{'Title': 'TEVI', 'URL': 'https://store.steampowered.com/app/2230650/TEVI/?snr=1_4_4__145'}
2023-12-02 22:12:59 [scrapy.core.scraper] DEBUG: Scraped from <200 https://store.steampowered.com/?l=japanese>
{'Title': '８番出口', 'URL': 'https://store.steampowered.com/app/2653790/_/?snr=1_4_4__145'}
2023-12-02 22:12:59 [scrapy.core.engine] INFO: Closing spider (finished)
2023-12-02 22:12:59 [scrapy.statscollectors] INFO: Dumping Scrapy stats:
{'downloader/request_bytes': 467,
 'downloader/request_count': 2,
 'downloader/request_method_count/GET': 2,
 'downloader/response_bytes': 87542,
 'downloader/response_count': 2,
 'downloader/response_status_count/200': 2,
 'elapsed_time_seconds': 4.706346,
 'finish_reason': 'finished',
 'finish_time': datetime.datetime(2023, 12, 2, 13, 12, 59, 281805, tzinfo=datetime.timezone.utc),
 'httpcache/firsthand': 2,
 'httpcache/miss': 2,
 'httpcache/store': 2,
 'httpcompression/response_bytes': 612042,
 'httpcompression/response_count': 1,
 'item_scraped_count': 11,
 'log_count/DEBUG': 20,
 'log_count/INFO': 10,
 'memusage/max': 60702720,
 'memusage/startup': 60702720,
 'response_received_count': 2,
 'robotstxt/request_count': 1,
 'robotstxt/response_count': 1,
 'robotstxt/response_status_count/200': 1,
 'scheduler/dequeued': 1,
 'scheduler/dequeued/memory': 1,
 'scheduler/enqueued': 1,
 'scheduler/enqueued/memory': 1,
 'start_time': datetime.datetime(2023, 12, 2, 13, 12, 54, 575459, tzinfo=datetime.timezone.utc)}
2023-12-02 22:12:59 [scrapy.core.engine] INFO: Spider closed (finished)
